#
# A fatal error has been detected by the Java Runtime Environment:
#
#  Internal Error (javaClasses.cpp:126), pid=2632, tid=5168
#  fatal error: Invalid layout of preloaded class
#
# JRE version:  (8.0_25-b18) (build )
# Java VM: Java HotSpot(TM) 64-Bit Server VM (25.25-b02 mixed mode windows-amd64 compressed oops)
# Failed to write core dump. Minidumps are not enabled by default on client versions of Windows
#
# If you would like to submit a bug report, please visit:
#   http://bugreport.sun.com/bugreport/crash.jsp
#

---------------  T H R E A D  ---------------

Current thread (0x000000000207e000):  JavaThread "Unknown thread" [_thread_in_vm, id=5168, stack(0x0000000002300000,0x0000000002400000)]

Stack: [0x0000000002300000,0x0000000002400000]
Native frames: (J=compiled Java code, j=interpreted, Vv=VM code, C=native code)
V  [jvm.dll+0x31667a]
V  [jvm.dll+0x267073]
V  [jvm.dll+0x267cb3]
V  [jvm.dll+0x25f536]
V  [jvm.dll+0x5e773]
V  [jvm.dll+0x5e863]
V  [jvm.dll+0x731ca]
V  [jvm.dll+0x73528]
V  [jvm.dll+0xe48b7]
V  [jvm.dll+0xe4c46]
V  [jvm.dll+0x1f9ae7]
V  [jvm.dll+0x22b2e4]
V  [jvm.dll+0x14d571]
C  [javaw.exe+0x20c6]
C  [javaw.exe+0xc9eb]
C  [javaw.exe+0xca7f]
C  [kernel32.dll+0x159ed]
C  [ntdll.dll+0x2b371]


---------------  P R O C E S S  ---------------

Java Threads: ( => current thread )

Other Threads:

=>0x000000000207e000 (exited) JavaThread "Unknown thread" [_thread_in_vm, id=5168, stack(0x0000000002300000,0x0000000002400000)]

VM state:not at safepoint (not fully initialized)

VM Mutex/Monitor currently owned by a thread: None

GC Heap History (0 events):
No events

Deoptimization events (0 events):
No events

Internal exceptions (0 events):
No events

Events (10 events):
Event: 0.043 loading class java/lang/CharSequence done
Event: 0.047 loading class java/lang/String done
Event: 0.047 loading class java/lang/Class
Event: 0.047 loading class java/lang/reflect/AnnotatedElement
Event: 0.047 loading class java/lang/reflect/AnnotatedElement done
Event: 0.047 loading class java/lang/reflect/GenericDeclaration
Event: 0.048 loading class java/lang/reflect/GenericDeclaration done
Event: 0.048 loading class java/lang/reflect/Type
Event: 0.048 loading class java/lang/reflect/Type done
Event: 0.048 loading class java/lang/Class done


Dynamic libraries:
0x000000013fd10000 - 0x000000013fd44000 	C:\Program Files\Java\jdk1.8.0_25\bin\javaw.exe
0x0000000077410000 - 0x00000000775ba000 	C:\windows\SYSTEM32\ntdll.dll
0x00000000772f0000 - 0x000000007740f000 	C:\windows\system32\kernel32.dll
0x000007fefd1b0000 - 0x000007fefd21b000 	C:\windows\system32\KERNELBASE.dll
0x000007fefe700000 - 0x000007fefe7db000 	C:\windows\system32\ADVAPI32.dll
0x000007fefe2c0000 - 0x000007fefe35f000 	C:\windows\system32\msvcrt.dll
0x000007feff700000 - 0x000007feff71f000 	C:\windows\SYSTEM32\sechost.dll
0x000007fefe360000 - 0x000007fefe48d000 	C:\windows\system32\RPCRT4.dll
0x00000000771f0000 - 0x00000000772ea000 	C:\windows\system32\USER32.dll
0x000007fefe490000 - 0x000007fefe4f7000 	C:\windows\system32\GDI32.dll
0x000007fefe960000 - 0x000007fefe96e000 	C:\windows\system32\LPK.dll
0x000007fefe500000 - 0x000007fefe5ca000 	C:\windows\system32\USP10.dll
0x000007fefbad0000 - 0x000007fefbcc4000 	C:\windows\WinSxS\amd64_microsoft.windows.common-controls_6595b64144ccf1df_6.0.7601.18837_none_fa3b1e3d17594757\COMCTL32.dll
0x000007fefd800000 - 0x000007fefd871000 	C:\windows\system32\SHLWAPI.dll
0x000007fefdc70000 - 0x000007fefdc9e000 	C:\windows\system32\IMM32.DLL
0x000007fefe850000 - 0x000007fefe959000 	C:\windows\system32\MSCTF.dll
0x0000000066820000 - 0x00000000668f2000 	C:\Program Files\Java\jdk1.8.0_25\jre\bin\msvcr100.dll
0x0000000062400000 - 0x0000000062c5a000 	C:\Program Files\Java\jdk1.8.0_25\jre\bin\server\jvm.dll
0x000007fef8b40000 - 0x000007fef8b49000 	C:\windows\system32\WSOCK32.dll
0x000007fefe5d0000 - 0x000007fefe61d000 	C:\windows\system32\WS2_32.dll
0x000007fefe840000 - 0x000007fefe848000 	C:\windows\system32\NSI.dll
0x000007fef65b0000 - 0x000007fef65eb000 	C:\windows\system32\WINMM.dll
0x00000000775d0000 - 0x00000000775d7000 	C:\windows\system32\PSAPI.DLL
0x000000006e230000 - 0x000000006e23f000 	C:\Program Files\Java\jdk1.8.0_25\jre\bin\verify.dll
0x000000006e200000 - 0x000000006e228000 	C:\Program Files\Java\jdk1.8.0_25\jre\bin\java.dll
0x000000006dca0000 - 0x000000006dcb6000 	C:\Program Files\Java\jdk1.8.0_25\jre\bin\zip.dll
0x000007fef9830000 - 0x000007fef9955000 	C:\windows\system32\dbghelp.dll

VM Arguments:
jvm_args: -Dfile.encoding=GBK -Xbootclasspath:D:\Program Files\adt-bundle-windows-x86_64\sdk\platforms\android-19\android.jar 
java_command: com.dlt.utils.HttpService
java_class_path (initial): D:\Workspaces\android\BusSearchClient\bin\classes;D:\Workspaces\android\BusSearchClient\libs\baidumapapi_cloud_v3_7_1.jar;D:\Workspaces\android\BusSearchClient\libs\baidumapapi_radar_v3_7_1.jar;D:\Workspaces\android\BusSearchClient\libs\locSDK_6.13.jar;D:\Workspaces\android\BusSearchClient\libs\baidumapapi_map_v3_7_1.jar;D:\Workspaces\android\BusSearchClient\libs\android-support-v4.jar;D:\Workspaces\android\BusSearchClient\libs\baidumapapi_base_v3_7_1.jar;D:\Workspaces\android\BusSearchClient\libs\baidumapapi_search_v3_7_1.jar;D:\Workspaces\android\BusSearchClient\libs\baidumapapi_util_v3_7_1.jar
Launcher Type: SUN_STANDARD

Environment Variables:
JAVA_HOME=C:\Program Files\Java\jdk1.8.0_25
CLASSPATH=.;C:\Program Files\Java\jdk1.8.0_25\lib;C:\Program Files\Java\jdk1.8.0_25\lib\tools.jar
PATH=C:/Program Files/Java/jre1.8.0_66/bin/server;C:/Program Files/Java/jre1.8.0_66/bin;C:/Program Files/Java/jre1.8.0_66/lib/amd64;C:\ProgramData\Oracle\Java\javapath;C:\Program Files (x86)\AMD APP\bin\x86_64;C:\Program Files (x86)\AMD APP\bin\x86;C:\windows\system32;C:\windows;C:\windows\System32\Wbem;C:\windows\System32\WindowsPowerShell\v1.0\;C:\Program Files (x86)\ATI Technologies\ATI.ACE\Core-Static;C:\Program Files\Java\jdk1.8.0_25\bin;C:\Program Files\Java\jdk1.8.0_25\jre\bin;D:\Program Files\instantclient_11_2;;D:\Program Files\adt-bundle-windows-x86_64\eclipse;
USERNAME=Administrator
OS=Windows_NT
PROCESSOR_IDENTIFIER=Intel64 Family 6 Model 42 Stepping 7, GenuineIntel



---------------  S Y S T E M  ---------------

OS: Windows 7 , 64 bit Build 7601 Service Pack 1

CPU:total 4 (2 cores per cpu, 2 threads per core) family 6 model 42 stepping 7, cmov, cx8, fxsr, mmx, sse, sse2, sse3, ssse3, sse4.1, sse4.2, popcnt, avx, clmul, ht, tsc, tscinvbit

Memory: 4k page, physical 4170888k(1798108k free), swap 8339940k(5628656k free)

vm_info: Java HotSpot(TM) 64-Bit Server VM (25.25-b02) for windows-amd64 JRE (1.8.0_25-b18), built on Oct  7 2014 14:25:37 by "java_re" with MS VC++ 10.0 (VS2010)

time: Thu Mar 17 13:24:37 2016
elapsed time: 0 seconds (0d 0h 0m 0s)

